2019-06-11 11:47:54.833  INFO 3084 --- [main] c.c.c.ConfigServicePropertySourceLocator : Fetching config from server at : http://localhost:8888
2019-06-11 11:47:55.896  INFO 3084 --- [main] c.c.c.ConfigServicePropertySourceLocator : Connect Timeout Exception on Url - http://localhost:8888. Will be trying the next url if available
2019-06-11 11:47:55.897  WARN 3084 --- [main] c.c.c.ConfigServicePropertySourceLocator : Could not locate PropertySource: I/O error on GET request for "http://localhost:8888/arq-ms-mobile/dev": Connection refused: connect; nested exception is java.net.ConnectException: Connection refused: connect
2019-06-11 11:47:55.898  INFO 3084 --- [main] b.c.h.a.ArqMsMobileApplication           : The following profiles are active: dev
2019-06-11 11:47:56.713  INFO 3084 --- [main] o.s.cloud.context.scope.GenericScope     : BeanFactory id=9ceaa580-31b3-3438-9bd0-008884cd6766
2019-06-11 11:47:56.775  INFO 3084 --- [main] trationDelegate$BeanPostProcessorChecker : Bean 'org.springframework.security.config.annotation.configuration.ObjectPostProcessorConfiguration' of type [org.springframework.security.config.annotation.configuration.ObjectPostProcessorConfiguration$$EnhancerBySpringCGLIB$$d1d515bb] is not eligible for getting processed by all BeanPostProcessors (for example: not eligible for auto-proxying)
2019-06-11 11:47:56.780  INFO 3084 --- [main] trationDelegate$BeanPostProcessorChecker : Bean 'objectPostProcessor' of type [org.springframework.security.config.annotation.configuration.AutowireBeanFactoryObjectPostProcessor] is not eligible for getting processed by all BeanPostProcessors (for example: not eligible for auto-proxying)
2019-06-11 11:47:56.781  INFO 3084 --- [main] trationDelegate$BeanPostProcessorChecker : Bean 'org.springframework.security.access.expression.method.DefaultMethodSecurityExpressionHandler@6bd7439d' of type [org.springframework.security.access.expression.method.DefaultMethodSecurityExpressionHandler] is not eligible for getting processed by all BeanPostProcessors (for example: not eligible for auto-proxying)
2019-06-11 11:47:56.786  INFO 3084 --- [main] trationDelegate$BeanPostProcessorChecker : Bean 'org.springframework.security.config.annotation.method.configuration.Jsr250MetadataSourceConfiguration' of type [org.springframework.security.config.annotation.method.configuration.Jsr250MetadataSourceConfiguration$$EnhancerBySpringCGLIB$$1bfed083] is not eligible for getting processed by all BeanPostProcessors (for example: not eligible for auto-proxying)
2019-06-11 11:47:56.788  INFO 3084 --- [main] trationDelegate$BeanPostProcessorChecker : Bean 'jsr250MethodSecurityMetadataSource' of type [org.springframework.security.access.annotation.Jsr250MethodSecurityMetadataSource] is not eligible for getting processed by all BeanPostProcessors (for example: not eligible for auto-proxying)
2019-06-11 11:47:56.788  INFO 3084 --- [main] trationDelegate$BeanPostProcessorChecker : Bean 'org.springframework.security.config.annotation.method.configuration.GlobalMethodSecurityConfiguration' of type [org.springframework.security.config.annotation.method.configuration.GlobalMethodSecurityConfiguration$$EnhancerBySpringCGLIB$$f6a9b86d] is not eligible for getting processed by all BeanPostProcessors (for example: not eligible for auto-proxying)
2019-06-11 11:47:56.794  INFO 3084 --- [main] trationDelegate$BeanPostProcessorChecker : Bean 'methodSecurityMetadataSource' of type [org.springframework.security.access.method.DelegatingMethodSecurityMetadataSource] is not eligible for getting processed by all BeanPostProcessors (for example: not eligible for auto-proxying)
2019-06-11 11:47:56.805  INFO 3084 --- [main] trationDelegate$BeanPostProcessorChecker : Bean 'org.springframework.cloud.autoconfigure.ConfigurationPropertiesRebinderAutoConfiguration' of type [org.springframework.cloud.autoconfigure.ConfigurationPropertiesRebinderAutoConfiguration$$EnhancerBySpringCGLIB$$5541507e] is not eligible for getting processed by all BeanPostProcessors (for example: not eligible for auto-proxying)
2019-06-11 11:47:57.039  INFO 3084 --- [main] o.s.b.w.embedded.tomcat.TomcatWebServer  : Tomcat initialized with port(s): 8211 (http)
2019-06-11 11:47:57.052  INFO 3084 --- [main] o.apache.catalina.core.StandardService   : Starting service [Tomcat]
2019-06-11 11:47:57.052  INFO 3084 --- [main] org.apache.catalina.core.StandardEngine  : Starting Servlet Engine: Apache Tomcat/9.0.12
2019-06-11 11:47:57.058  INFO 3084 --- [main] o.a.catalina.core.AprLifecycleListener   : The APR based Apache Tomcat Native library which allows optimal performance in production environments was not found on the java.library.path: [C:\sti\desv\java\jdk10.0.2\bin;C:\WINDOWS\Sun\Java\bin;C:\WINDOWS\system32;C:\WINDOWS;C:\Program Files (x86)\Java\jre1.8.0_181\bin;C:\sti\desv\java\jdk10.0.2\bin;C:\sti\desv\gradle-4.9\bin;C:\Program Files\Docker\Docker\Resources\bin;C:\Oracle\product\11.2.0\client_1\bin;C:\WINDOWS\system32;C:\WINDOWS;C:\WINDOWS\System32\Wbem;C:\WINDOWS\System32\WindowsPowerShell\v1.0\;C:\Program Files\SlikSvn\bin\;C:\Program Files\TortoiseSVN\bin;C:\Program Files\Git\cmd;C:\Program Files\TortoiseGit\bin;C:\sti\desv\apache-maven-3.2.3\bin;C:\sti\desv\openshift-client;C:\Program Files (x86)\OutlookAddinClient;C:\WINDOWS\System32\OpenSSH\;C:\sti\desv\android\sdk\platform-tools;C:\sti\desv\nodejs\;C:\Users\heriotc\AppData\Local\Microsoft\WindowsApps;C:\Users\heriotc\AppData\Roaming\npm;C:\sti\desv\Microsoft VS Code\bin;.]
2019-06-11 11:47:57.281  INFO 3084 --- [main] o.a.c.c.C.[Tomcat].[localhost].[/]       : Initializing Spring embedded WebApplicationContext
2019-06-11 11:47:57.281  INFO 3084 --- [main] o.s.web.context.ContextLoader            : Root WebApplicationContext: initialization completed in 1366 ms
2019-06-11 11:47:57.646 DEBUG 3084 --- [main] c.h.a.i.l.AppCommonsRequestLoggingFilter : Filter 'requestLoggingFilter' configured for use
2019-06-11 11:47:58.083  INFO 3084 --- [main] o.s.b.a.e.web.EndpointLinksResolver      : Exposing 19 endpoint(s) beneath base path '/actuator'
2019-06-11 11:47:58.321  INFO 3084 --- [main] .s.s.UserDetailsServiceAutoConfiguration : 

Using generated security password: 9082a057-37b4-47dd-8ad4-bdf92f751df1

2019-06-11 11:47:58.370  INFO 3084 --- [main] o.s.s.web.DefaultSecurityFilterChain     : Creating filter chain: org.springframework.security.web.util.matcher.AnyRequestMatcher@1, [org.springframework.security.web.context.request.async.WebAsyncManagerIntegrationFilter@1f0f92f5, org.springframework.security.web.context.SecurityContextPersistenceFilter@1d0f7bcf, org.springframework.security.web.header.HeaderWriterFilter@1aef7428, org.springframework.security.web.authentication.logout.LogoutFilter@56193e3a, br.com.herio.arqmsmobile.infra.security.FiltroValidadorToken@686e7513, org.springframework.security.web.authentication.www.BasicAuthenticationFilter@6f6a2ac8, org.springframework.security.web.savedrequest.RequestCacheAwareFilter@1978b0d5, org.springframework.security.web.servletapi.SecurityContextHolderAwareRequestFilter@3346e906, org.springframework.security.web.authentication.AnonymousAuthenticationFilter@7430ed93, org.springframework.security.web.session.SessionManagementFilter@332fa1c, org.springframework.security.web.access.ExceptionTranslationFilter@760c777d, org.springframework.security.web.access.intercept.FilterSecurityInterceptor@1b6e4761]
2019-06-11 11:47:58.389  INFO 3084 --- [main] pertySourcedRequestMappingHandlerMapping : Mapped URL path [/v2/api-docs] onto method [public org.springframework.http.ResponseEntity<springfox.documentation.spring.web.json.Json> springfox.documentation.swagger2.web.Swagger2Controller.getDocumentation(java.lang.String,javax.servlet.http.HttpServletRequest)]
2019-06-11 11:47:58.409  WARN 3084 --- [main] c.n.c.sources.URLConfigurationSource     : No URLs will be polled as dynamic configuration sources.
2019-06-11 11:47:58.409  INFO 3084 --- [main] c.n.c.sources.URLConfigurationSource     : To enable URLs as dynamic configuration sources, define System property archaius.configurationSource.additionalUrls or make config.properties available on classpath.
2019-06-11 11:47:58.413  WARN 3084 --- [main] c.n.c.sources.URLConfigurationSource     : No URLs will be polled as dynamic configuration sources.
2019-06-11 11:47:58.413  INFO 3084 --- [main] c.n.c.sources.URLConfigurationSource     : To enable URLs as dynamic configuration sources, define System property archaius.configurationSource.additionalUrls or make config.properties available on classpath.
2019-06-11 11:47:58.911  INFO 3084 --- [main] d.s.w.p.DocumentationPluginsBootstrapper : Context refreshed
2019-06-11 11:47:58.926  INFO 3084 --- [main] d.s.w.p.DocumentationPluginsBootstrapper : Found 1 custom documentation plugin(s)
2019-06-11 11:47:58.966  INFO 3084 --- [main] s.d.s.w.s.ApiListingReferenceScanner     : Scanning for api listing references
2019-06-11 11:47:59.115  INFO 3084 --- [main] o.s.b.w.embedded.tomcat.TomcatWebServer  : Tomcat started on port(s): 8211 (http) with context path ''
2019-06-11 11:47:59.119  INFO 3084 --- [main] b.c.h.a.ArqMsMobileApplication           : Started ArqMsMobileApplication in 5.142 seconds (JVM running for 6.177)
2019-06-11 11:47:59.380  INFO 3084 --- [RMI TCP Connection(2)-127.0.0.1] o.a.c.c.C.[Tomcat].[localhost].[/]       : Initializing Spring DispatcherServlet 'dispatcherServlet'
2019-06-11 11:47:59.381  INFO 3084 --- [RMI TCP Connection(2)-127.0.0.1] o.s.web.servlet.DispatcherServlet        : Initializing Servlet 'dispatcherServlet'
2019-06-11 11:47:59.384  INFO 3084 --- [RMI TCP Connection(3)-127.0.0.1] c.c.c.ConfigServicePropertySourceLocator : Fetching config from server at : http://localhost:8888
2019-06-11 11:47:59.390  INFO 3084 --- [RMI TCP Connection(2)-127.0.0.1] o.s.web.servlet.DispatcherServlet        : Completed initialization in 9 ms
2019-06-11 11:48:00.389  INFO 3084 --- [RMI TCP Connection(3)-127.0.0.1] c.c.c.ConfigServicePropertySourceLocator : Connect Timeout Exception on Url - http://localhost:8888. Will be trying the next url if available
2019-06-11 11:48:00.391  WARN 3084 --- [RMI TCP Connection(3)-127.0.0.1] c.c.c.ConfigServicePropertySourceLocator : Could not locate PropertySource: I/O error on GET request for "http://localhost:8888/arq-ms-mobile/dev": Connection refused: connect; nested exception is java.net.ConnectException: Connection refused: connect
2019-06-11 11:49:17.253  INFO 9400 --- [main] c.c.c.ConfigServicePropertySourceLocator : Fetching config from server at : http://localhost:8888
2019-06-11 11:49:18.315  INFO 9400 --- [main] c.c.c.ConfigServicePropertySourceLocator : Connect Timeout Exception on Url - http://localhost:8888. Will be trying the next url if available
2019-06-11 11:49:18.317  WARN 9400 --- [main] c.c.c.ConfigServicePropertySourceLocator : Could not locate PropertySource: I/O error on GET request for "http://localhost:8888/arq-ms-mobile/default": Connection refused: connect; nested exception is java.net.ConnectException: Connection refused: connect
2019-06-11 11:49:18.318  INFO 9400 --- [main] b.c.h.a.ArqMsMobileApplication           : No active profile set, falling back to default profiles: default
2019-06-11 11:49:19.129  INFO 9400 --- [main] o.s.cloud.context.scope.GenericScope     : BeanFactory id=9ceaa580-31b3-3438-9bd0-008884cd6766
2019-06-11 11:49:19.192  INFO 9400 --- [main] trationDelegate$BeanPostProcessorChecker : Bean 'org.springframework.security.config.annotation.configuration.ObjectPostProcessorConfiguration' of type [org.springframework.security.config.annotation.configuration.ObjectPostProcessorConfiguration$$EnhancerBySpringCGLIB$$b780363a] is not eligible for getting processed by all BeanPostProcessors (for example: not eligible for auto-proxying)
2019-06-11 11:49:19.198  INFO 9400 --- [main] trationDelegate$BeanPostProcessorChecker : Bean 'objectPostProcessor' of type [org.springframework.security.config.annotation.configuration.AutowireBeanFactoryObjectPostProcessor] is not eligible for getting processed by all BeanPostProcessors (for example: not eligible for auto-proxying)
2019-06-11 11:49:19.199  INFO 9400 --- [main] trationDelegate$BeanPostProcessorChecker : Bean 'org.springframework.security.access.expression.method.DefaultMethodSecurityExpressionHandler@4e2cdc51' of type [org.springframework.security.access.expression.method.DefaultMethodSecurityExpressionHandler] is not eligible for getting processed by all BeanPostProcessors (for example: not eligible for auto-proxying)
2019-06-11 11:49:19.207  INFO 9400 --- [main] trationDelegate$BeanPostProcessorChecker : Bean 'org.springframework.security.config.annotation.method.configuration.Jsr250MetadataSourceConfiguration' of type [org.springframework.security.config.annotation.method.configuration.Jsr250MetadataSourceConfiguration$$EnhancerBySpringCGLIB$$1a9f102] is not eligible for getting processed by all BeanPostProcessors (for example: not eligible for auto-proxying)
2019-06-11 11:49:19.209  INFO 9400 --- [main] trationDelegate$BeanPostProcessorChecker : Bean 'jsr250MethodSecurityMetadataSource' of type [org.springframework.security.access.annotation.Jsr250MethodSecurityMetadataSource] is not eligible for getting processed by all BeanPostProcessors (for example: not eligible for auto-proxying)
2019-06-11 11:49:19.209  INFO 9400 --- [main] trationDelegate$BeanPostProcessorChecker : Bean 'org.springframework.security.config.annotation.method.configuration.GlobalMethodSecurityConfiguration' of type [org.springframework.security.config.annotation.method.configuration.GlobalMethodSecurityConfiguration$$EnhancerBySpringCGLIB$$dc54d8ec] is not eligible for getting processed by all BeanPostProcessors (for example: not eligible for auto-proxying)
2019-06-11 11:49:19.214  INFO 9400 --- [main] trationDelegate$BeanPostProcessorChecker : Bean 'methodSecurityMetadataSource' of type [org.springframework.security.access.method.DelegatingMethodSecurityMetadataSource] is not eligible for getting processed by all BeanPostProcessors (for example: not eligible for auto-proxying)
2019-06-11 11:49:19.225  INFO 9400 --- [main] trationDelegate$BeanPostProcessorChecker : Bean 'org.springframework.cloud.autoconfigure.ConfigurationPropertiesRebinderAutoConfiguration' of type [org.springframework.cloud.autoconfigure.ConfigurationPropertiesRebinderAutoConfiguration$$EnhancerBySpringCGLIB$$3aec70fd] is not eligible for getting processed by all BeanPostProcessors (for example: not eligible for auto-proxying)
2019-06-11 11:49:19.459  INFO 9400 --- [main] o.s.b.w.embedded.tomcat.TomcatWebServer  : Tomcat initialized with port(s): 8211 (http)
2019-06-11 11:49:19.472  INFO 9400 --- [main] o.apache.catalina.core.StandardService   : Starting service [Tomcat]
2019-06-11 11:49:19.472  INFO 9400 --- [main] org.apache.catalina.core.StandardEngine  : Starting Servlet Engine: Apache Tomcat/9.0.12
2019-06-11 11:49:19.477  INFO 9400 --- [main] o.a.catalina.core.AprLifecycleListener   : The APR based Apache Tomcat Native library which allows optimal performance in production environments was not found on the java.library.path: [C:\sti\desv\java\jdk10.0.2\bin;C:\WINDOWS\Sun\Java\bin;C:\WINDOWS\system32;C:\WINDOWS;C:\Program Files (x86)\Java\jre1.8.0_181\bin;C:\sti\desv\java\jdk10.0.2\bin;C:\sti\desv\gradle-4.9\bin;C:\Program Files\Docker\Docker\Resources\bin;C:\Oracle\product\11.2.0\client_1\bin;C:\WINDOWS\system32;C:\WINDOWS;C:\WINDOWS\System32\Wbem;C:\WINDOWS\System32\WindowsPowerShell\v1.0\;C:\Program Files\SlikSvn\bin\;C:\Program Files\TortoiseSVN\bin;C:\Program Files\Git\cmd;C:\Program Files\TortoiseGit\bin;C:\sti\desv\apache-maven-3.2.3\bin;C:\sti\desv\openshift-client;C:\Program Files (x86)\OutlookAddinClient;C:\WINDOWS\System32\OpenSSH\;C:\sti\desv\android\sdk\platform-tools;C:\sti\desv\nodejs\;C:\Users\heriotc\AppData\Local\Microsoft\WindowsApps;C:\Users\heriotc\AppData\Roaming\npm;C:\sti\desv\Microsoft VS Code\bin;.]
2019-06-11 11:49:19.711  INFO 9400 --- [main] o.a.c.c.C.[Tomcat].[localhost].[/]       : Initializing Spring embedded WebApplicationContext
2019-06-11 11:49:19.712  INFO 9400 --- [main] o.s.web.context.ContextLoader            : Root WebApplicationContext: initialization completed in 1385 ms
2019-06-11 11:49:20.075 DEBUG 9400 --- [main] c.h.a.i.l.AppCommonsRequestLoggingFilter : Filter 'requestLoggingFilter' configured for use
2019-06-11 11:49:20.496  INFO 9400 --- [main] o.s.b.a.e.web.EndpointLinksResolver      : Exposing 19 endpoint(s) beneath base path '/actuator'
2019-06-11 11:49:20.736  INFO 9400 --- [main] .s.s.UserDetailsServiceAutoConfiguration : 

Using generated security password: a6c20bd8-ded9-4202-8ef3-cff224d59a90

2019-06-11 11:49:20.784  INFO 9400 --- [main] o.s.s.web.DefaultSecurityFilterChain     : Creating filter chain: org.springframework.security.web.util.matcher.AnyRequestMatcher@1, [org.springframework.security.web.context.request.async.WebAsyncManagerIntegrationFilter@212c0aff, org.springframework.security.web.context.SecurityContextPersistenceFilter@1002d1c8, org.springframework.security.web.header.HeaderWriterFilter@70d7a49b, org.springframework.security.web.authentication.logout.LogoutFilter@42c9b1ee, br.com.herio.arqmsmobile.infra.security.FiltroValidadorToken@5a78b52b, org.springframework.security.web.authentication.www.BasicAuthenticationFilter@6b576ff8, org.springframework.security.web.savedrequest.RequestCacheAwareFilter@41289e88, org.springframework.security.web.servletapi.SecurityContextHolderAwareRequestFilter@4d964c9e, org.springframework.security.web.authentication.AnonymousAuthenticationFilter@21780905, org.springframework.security.web.session.SessionManagementFilter@71f10042, org.springframework.security.web.access.ExceptionTranslationFilter@5764d421, org.springframework.security.web.access.intercept.FilterSecurityInterceptor@6ad26381]
2019-06-11 11:49:20.804  INFO 9400 --- [main] pertySourcedRequestMappingHandlerMapping : Mapped URL path [/v2/api-docs] onto method [public org.springframework.http.ResponseEntity<springfox.documentation.spring.web.json.Json> springfox.documentation.swagger2.web.Swagger2Controller.getDocumentation(java.lang.String,javax.servlet.http.HttpServletRequest)]
2019-06-11 11:49:20.832  WARN 9400 --- [main] c.n.c.sources.URLConfigurationSource     : No URLs will be polled as dynamic configuration sources.
2019-06-11 11:49:20.832  INFO 9400 --- [main] c.n.c.sources.URLConfigurationSource     : To enable URLs as dynamic configuration sources, define System property archaius.configurationSource.additionalUrls or make config.properties available on classpath.
2019-06-11 11:49:20.835  WARN 9400 --- [main] c.n.c.sources.URLConfigurationSource     : No URLs will be polled as dynamic configuration sources.
2019-06-11 11:49:20.835  INFO 9400 --- [main] c.n.c.sources.URLConfigurationSource     : To enable URLs as dynamic configuration sources, define System property archaius.configurationSource.additionalUrls or make config.properties available on classpath.
2019-06-11 11:49:21.317  INFO 9400 --- [main] d.s.w.p.DocumentationPluginsBootstrapper : Context refreshed
2019-06-11 11:49:21.329  INFO 9400 --- [main] d.s.w.p.DocumentationPluginsBootstrapper : Found 1 custom documentation plugin(s)
2019-06-11 11:49:21.365  INFO 9400 --- [main] s.d.s.w.s.ApiListingReferenceScanner     : Scanning for api listing references
2019-06-11 11:49:21.506  INFO 9400 --- [main] o.s.b.w.embedded.tomcat.TomcatWebServer  : Tomcat started on port(s): 8211 (http) with context path ''
2019-06-11 11:49:21.509  INFO 9400 --- [main] b.c.h.a.ArqMsMobileApplication           : Started ArqMsMobileApplication in 5.086 seconds (JVM running for 6.153)
2019-06-11 11:49:21.820  INFO 9400 --- [RMI TCP Connection(4)-127.0.0.1] o.a.c.c.C.[Tomcat].[localhost].[/]       : Initializing Spring DispatcherServlet 'dispatcherServlet'
2019-06-11 11:49:21.822  INFO 9400 --- [RMI TCP Connection(4)-127.0.0.1] o.s.web.servlet.DispatcherServlet        : Initializing Servlet 'dispatcherServlet'
2019-06-11 11:49:21.825  INFO 9400 --- [RMI TCP Connection(2)-127.0.0.1] c.c.c.ConfigServicePropertySourceLocator : Fetching config from server at : http://localhost:8888
2019-06-11 11:49:21.830  INFO 9400 --- [RMI TCP Connection(4)-127.0.0.1] o.s.web.servlet.DispatcherServlet        : Completed initialization in 8 ms
2019-06-11 11:49:22.828  INFO 9400 --- [RMI TCP Connection(2)-127.0.0.1] c.c.c.ConfigServicePropertySourceLocator : Connect Timeout Exception on Url - http://localhost:8888. Will be trying the next url if available
2019-06-11 11:49:22.830  WARN 9400 --- [RMI TCP Connection(2)-127.0.0.1] c.c.c.ConfigServicePropertySourceLocator : Could not locate PropertySource: I/O error on GET request for "http://localhost:8888/arq-ms-mobile/default": Connection refused: connect; nested exception is java.net.ConnectException: Connection refused: connect
2019-06-11 11:50:39.458  INFO 2156 --- [main] b.c.h.a.ArqMsMobileApplication           : No active profile set, falling back to default profiles: default
2019-06-11 11:50:40.277  INFO 2156 --- [main] o.s.cloud.context.scope.GenericScope     : BeanFactory id=ed6cf588-74ec-332a-aac2-7d0bac146072
2019-06-11 11:50:40.336  INFO 2156 --- [main] trationDelegate$BeanPostProcessorChecker : Bean 'org.springframework.security.config.annotation.method.configuration.Jsr250MetadataSourceConfiguration' of type [org.springframework.security.config.annotation.method.configuration.Jsr250MetadataSourceConfiguration$$EnhancerBySpringCGLIB$$9a428d67] is not eligible for getting processed by all BeanPostProcessors (for example: not eligible for auto-proxying)
2019-06-11 11:50:40.339  INFO 2156 --- [main] trationDelegate$BeanPostProcessorChecker : Bean 'jsr250MethodSecurityMetadataSource' of type [org.springframework.security.access.annotation.Jsr250MethodSecurityMetadataSource] is not eligible for getting processed by all BeanPostProcessors (for example: not eligible for auto-proxying)
2019-06-11 11:50:40.340  INFO 2156 --- [main] trationDelegate$BeanPostProcessorChecker : Bean 'org.springframework.security.config.annotation.configuration.ObjectPostProcessorConfiguration' of type [org.springframework.security.config.annotation.configuration.ObjectPostProcessorConfiguration$$EnhancerBySpringCGLIB$$5018d29f] is not eligible for getting processed by all BeanPostProcessors (for example: not eligible for auto-proxying)
2019-06-11 11:50:40.345  INFO 2156 --- [main] trationDelegate$BeanPostProcessorChecker : Bean 'objectPostProcessor' of type [org.springframework.security.config.annotation.configuration.AutowireBeanFactoryObjectPostProcessor] is not eligible for getting processed by all BeanPostProcessors (for example: not eligible for auto-proxying)
2019-06-11 11:50:40.346  INFO 2156 --- [main] trationDelegate$BeanPostProcessorChecker : Bean 'org.springframework.security.access.expression.method.DefaultMethodSecurityExpressionHandler@2cee5365' of type [org.springframework.security.access.expression.method.DefaultMethodSecurityExpressionHandler] is not eligible for getting processed by all BeanPostProcessors (for example: not eligible for auto-proxying)
2019-06-11 11:50:40.348  INFO 2156 --- [main] trationDelegate$BeanPostProcessorChecker : Bean 'org.springframework.security.config.annotation.method.configuration.GlobalMethodSecurityConfiguration' of type [org.springframework.security.config.annotation.method.configuration.GlobalMethodSecurityConfiguration$$EnhancerBySpringCGLIB$$74ed7551] is not eligible for getting processed by all BeanPostProcessors (for example: not eligible for auto-proxying)
2019-06-11 11:50:40.353  INFO 2156 --- [main] trationDelegate$BeanPostProcessorChecker : Bean 'methodSecurityMetadataSource' of type [org.springframework.security.access.method.DelegatingMethodSecurityMetadataSource] is not eligible for getting processed by all BeanPostProcessors (for example: not eligible for auto-proxying)
2019-06-11 11:50:40.363  INFO 2156 --- [main] trationDelegate$BeanPostProcessorChecker : Bean 'org.springframework.cloud.autoconfigure.ConfigurationPropertiesRebinderAutoConfiguration' of type [org.springframework.cloud.autoconfigure.ConfigurationPropertiesRebinderAutoConfiguration$$EnhancerBySpringCGLIB$$d3850d62] is not eligible for getting processed by all BeanPostProcessors (for example: not eligible for auto-proxying)
2019-06-11 11:50:40.580  INFO 2156 --- [main] o.s.b.w.embedded.tomcat.TomcatWebServer  : Tomcat initialized with port(s): 8211 (http)
2019-06-11 11:50:40.592  INFO 2156 --- [main] o.apache.catalina.core.StandardService   : Starting service [Tomcat]
2019-06-11 11:50:40.593  INFO 2156 --- [main] org.apache.catalina.core.StandardEngine  : Starting Servlet Engine: Apache Tomcat/9.0.12
2019-06-11 11:50:40.597  INFO 2156 --- [main] o.a.catalina.core.AprLifecycleListener   : The APR based Apache Tomcat Native library which allows optimal performance in production environments was not found on the java.library.path: [C:\sti\desv\java\jdk10.0.2\bin;C:\WINDOWS\Sun\Java\bin;C:\WINDOWS\system32;C:\WINDOWS;C:\Program Files (x86)\Java\jre1.8.0_181\bin;C:\sti\desv\java\jdk10.0.2\bin;C:\sti\desv\gradle-4.9\bin;C:\Program Files\Docker\Docker\Resources\bin;C:\Oracle\product\11.2.0\client_1\bin;C:\WINDOWS\system32;C:\WINDOWS;C:\WINDOWS\System32\Wbem;C:\WINDOWS\System32\WindowsPowerShell\v1.0\;C:\Program Files\SlikSvn\bin\;C:\Program Files\TortoiseSVN\bin;C:\Program Files\Git\cmd;C:\Program Files\TortoiseGit\bin;C:\sti\desv\apache-maven-3.2.3\bin;C:\sti\desv\openshift-client;C:\Program Files (x86)\OutlookAddinClient;C:\WINDOWS\System32\OpenSSH\;C:\sti\desv\android\sdk\platform-tools;C:\sti\desv\nodejs\;C:\Users\heriotc\AppData\Local\Microsoft\WindowsApps;C:\Users\heriotc\AppData\Roaming\npm;C:\sti\desv\Microsoft VS Code\bin;.]
2019-06-11 11:50:40.818  INFO 2156 --- [main] o.a.c.c.C.[Tomcat].[localhost].[/]       : Initializing Spring embedded WebApplicationContext
2019-06-11 11:50:40.819  INFO 2156 --- [main] o.s.web.context.ContextLoader            : Root WebApplicationContext: initialization completed in 1352 ms
2019-06-11 11:50:41.208 DEBUG 2156 --- [main] c.h.a.i.l.AppCommonsRequestLoggingFilter : Filter 'requestLoggingFilter' configured for use
2019-06-11 11:50:41.592  INFO 2156 --- [main] o.s.b.a.e.web.EndpointLinksResolver      : Exposing 19 endpoint(s) beneath base path '/actuator'
2019-06-11 11:50:41.778  INFO 2156 --- [main] .s.s.UserDetailsServiceAutoConfiguration : 

Using generated security password: f02a9c1a-2668-4873-af21-69ed6b58f984

2019-06-11 11:50:41.824  INFO 2156 --- [main] o.s.s.web.DefaultSecurityFilterChain     : Creating filter chain: org.springframework.security.web.util.matcher.AnyRequestMatcher@1, [org.springframework.security.web.context.request.async.WebAsyncManagerIntegrationFilter@3e89f5bc, org.springframework.security.web.context.SecurityContextPersistenceFilter@64e89bb2, org.springframework.security.web.header.HeaderWriterFilter@2212e291, org.springframework.security.web.authentication.logout.LogoutFilter@6d5de79a, br.com.herio.arqmsmobile.infra.security.FiltroValidadorToken@69bc4024, org.springframework.security.web.authentication.www.BasicAuthenticationFilter@3e73f5e7, org.springframework.security.web.savedrequest.RequestCacheAwareFilter@10830d50, org.springframework.security.web.servletapi.SecurityContextHolderAwareRequestFilter@59aa1d1c, org.springframework.security.web.authentication.AnonymousAuthenticationFilter@259aec72, org.springframework.security.web.session.SessionManagementFilter@2314cd97, org.springframework.security.web.access.ExceptionTranslationFilter@31b91435, org.springframework.security.web.access.intercept.FilterSecurityInterceptor@14293540]
2019-06-11 11:50:41.843  INFO 2156 --- [main] pertySourcedRequestMappingHandlerMapping : Mapped URL path [/v2/api-docs] onto method [public org.springframework.http.ResponseEntity<springfox.documentation.spring.web.json.Json> springfox.documentation.swagger2.web.Swagger2Controller.getDocumentation(java.lang.String,javax.servlet.http.HttpServletRequest)]
2019-06-11 11:50:41.862  WARN 2156 --- [main] c.n.c.sources.URLConfigurationSource     : No URLs will be polled as dynamic configuration sources.
2019-06-11 11:50:41.862  INFO 2156 --- [main] c.n.c.sources.URLConfigurationSource     : To enable URLs as dynamic configuration sources, define System property archaius.configurationSource.additionalUrls or make config.properties available on classpath.
2019-06-11 11:50:41.864  WARN 2156 --- [main] c.n.c.sources.URLConfigurationSource     : No URLs will be polled as dynamic configuration sources.
2019-06-11 11:50:41.865  INFO 2156 --- [main] c.n.c.sources.URLConfigurationSource     : To enable URLs as dynamic configuration sources, define System property archaius.configurationSource.additionalUrls or make config.properties available on classpath.
2019-06-11 11:50:42.275  INFO 2156 --- [main] d.s.w.p.DocumentationPluginsBootstrapper : Context refreshed
2019-06-11 11:50:42.286  INFO 2156 --- [main] d.s.w.p.DocumentationPluginsBootstrapper : Found 1 custom documentation plugin(s)
2019-06-11 11:50:42.316  INFO 2156 --- [main] s.d.s.w.s.ApiListingReferenceScanner     : Scanning for api listing references
2019-06-11 11:50:42.449  INFO 2156 --- [main] o.s.b.w.embedded.tomcat.TomcatWebServer  : Tomcat started on port(s): 8211 (http) with context path ''
2019-06-11 11:50:42.452  INFO 2156 --- [main] b.c.h.a.ArqMsMobileApplication           : Started ArqMsMobileApplication in 3.799 seconds (JVM running for 4.818)
2019-06-11 11:50:42.615  INFO 2156 --- [RMI TCP Connection(4)-127.0.0.1] o.a.c.c.C.[Tomcat].[localhost].[/]       : Initializing Spring DispatcherServlet 'dispatcherServlet'
2019-06-11 11:50:42.616  INFO 2156 --- [RMI TCP Connection(4)-127.0.0.1] o.s.web.servlet.DispatcherServlet        : Initializing Servlet 'dispatcherServlet'
2019-06-11 11:50:42.625  INFO 2156 --- [RMI TCP Connection(4)-127.0.0.1] o.s.web.servlet.DispatcherServlet        : Completed initialization in 8 ms
2019-06-11 11:51:25.329 DEBUG 2156 --- [http-nio-8211-exec-1] c.h.a.i.l.AppCommonsRequestLoggingFilter : Before request [uri=/v2/api-docs;client=0:0:0:0:0:0:0:1;headers=[host:"localhost:8211", connection:"keep-alive", upgrade-insecure-requests:"1", user-agent:"Mozilla/5.0 (Windows NT 10.0; Win64; x64) AppleWebKit/537.36 (KHTML, like Gecko) Chrome/74.0.3729.169 Safari/537.36", accept:"text/html,application/xhtml+xml,application/xml;q=0.9,image/webp,image/apng,*/*;q=0.8,application/signed-exchange;v=b3", accept-encoding:"gzip, deflate, br", accept-language:"pt-BR,pt;q=0.9,en-US;q=0.8,en;q=0.7"]]
2019-06-11 11:51:25.441 DEBUG 2156 --- [http-nio-8211-exec-1] c.h.a.i.l.AppCommonsRequestLoggingFilter : After request [uri=/v2/api-docs;client=0:0:0:0:0:0:0:1;headers=[host:"localhost:8211", connection:"keep-alive", upgrade-insecure-requests:"1", user-agent:"Mozilla/5.0 (Windows NT 10.0; Win64; x64) AppleWebKit/537.36 (KHTML, like Gecko) Chrome/74.0.3729.169 Safari/537.36", accept:"text/html,application/xhtml+xml,application/xml;q=0.9,image/webp,image/apng,*/*;q=0.8,application/signed-exchange;v=b3", accept-encoding:"gzip, deflate, br", accept-language:"pt-BR,pt;q=0.9,en-US;q=0.8,en;q=0.7"]]
